Arguments: 
  C:\Program Files\nodejs\node.exe C:\Users\Chitalu\AppData\Roaming\npm\node_modules\yarn\bin\yarn.js install

PATH: 
  C:\WINDOWS\system32;C:\WINDOWS;C:\WINDOWS\System32\Wbem;C:\WINDOWS\System32\WindowsPowerShell\v1.0\;C:\WINDOWS\System32\OpenSSH\;C:\Program Files\nodejs\;C:\Program Files\Git\cmd;C:\Users\Chitalu\AppData\Local\Microsoft\WindowsApps;C:\Users\Chitalu\AppData\Roaming\npm;C:\Program Files (x86)\Sophos\Sophos SSL VPN Client\bin;C:\Users\Chitalu\AppData\Local\Programs\Microsoft VS Code\bin;

Yarn version: 
  1.22.19

Node version: 
  16.17.0

Platform: 
  win32 x64

Trace: 
  Error: getaddrinfo EAI_AGAIN registry.yarnpkg.com
      at GetAddrInfoReqWrap.onlookup [as oncomplete] (node:dns:109:26)

npm manifest: 
  {
    "name": "peza24_app",
    "version": "1.0.0",
    "main": "node_modules/expo/AppEntry.js",
    "scripts": {
      "start": "expo start",
      "android": "expo start --android",
      "ios": "expo start --ios",
      "web": "expo start --web"
    },
    "dependencies": {
      "@expo/vector-icons": "^13.0.0",
      "@react-native-async-storage/async-storage": "~1.17.3",
      "@react-navigation/bottom-tabs": "^6.4.0",
      "@react-navigation/material-bottom-tabs": "^6.2.4",
      "@react-navigation/native": "^6.0.13",
      "@react-navigation/native-stack": "^6.9.1",
      "expo": "~46.0.16",
      "expo-secure-store": "~11.3.0",
      "expo-status-bar": "~1.4.0",
      "expo-updates": "~0.14.7",
      "lodash": "^4.17.21",
      "lodash.filter": "^4.6.0",
      "moment": "^2.29.4",
      "moment-timezone": "^0.5.38",
      "react": "18.0.0",
      "react-moment": "^1.1.2",
      "react-native": "0.69.6",
      "react-native-dropdown-picker": "^5.4.2",
      "react-native-image-zoom-viewer": "^3.0.1",
      "react-native-modal-filter-picker": "^2.1.0",
      "react-native-pager-view": "5.4.24",
      "react-native-paper": "^4.12.5",
      "react-native-safe-area-context": "4.3.1",
      "react-native-screens": "~3.15.0",
      "react-native-tab-view": "^3.3.0",
      "react-native-vector-icons": "^9.2.0",
      "react-native-webview": "11.23.0",
      "vue-filter": "^0.2.5"
    },
    "devDependencies": {
      "@babel/core": "^7.12.9"
    },
    "private": true
  }

yarn manifest: 
  No manifest

Lockfile: 
  No lockfile
